# JRE version: Java(TM) SE Runtime Environment (8.0_201-b09) (build 1.8.0_201-b09)
# Java VM: Java HotSpot(TM) 64-Bit Server VM (25.201-b09 mixed mode linux-amd64 compressed oops)
Heap:
 PSYoungGen      total 520192K, used 0K [0x00000000d9580000, 0x0000000100000000, 0x0000000100000000)
  eden space 496640K, 0% used [0x00000000d9580000,0x00000000d9580000,0x00000000f7a80000)
  from space 23552K, 0% used [0x00000000f7a80000,0x00000000f7a80000,0x00000000f9180000)
  to   space 33280K, 0% used [0x00000000fdf80000,0x00000000fdf80000,0x0000000100000000)
 ParOldGen       total 66048K, used 59516K [0x000000008c000000, 0x0000000090080000, 0x00000000d9580000)
  object space 66048K, 90% used [0x000000008c000000,0x000000008fa1f310,0x0000000090080000)
 Metaspace       used 24081K, capacity 25082K, committed 25264K, reserved 1071104K
  class space    used 2743K, capacity 2988K, committed 2992K, reserved 1048576K
GC Heap History (10 events):
Event: 5,140 GC heap after
Heap after GC invocations=14 (full 1):
 PSYoungGen      total 294912K, used 12064K [0x00000000d9580000, 0x00000000f2480000, 0x0000000100000000)
  eden space 282624K, 0% used [0x00000000d9580000,0x00000000d9580000,0x00000000ea980000)
  from space 12288K, 98% used [0x00000000ea980000,0x00000000eb548010,0x00000000eb580000)
  to   space 13312K, 0% used [0x00000000f1780000,0x00000000f1780000,0x00000000f2480000)
 ParOldGen       total 66048K, used 14772K [0x000000008c000000, 0x0000000090080000, 0x00000000d9580000)
  object space 66048K, 22% used [0x000000008c000000,0x000000008ce6d2a8,0x0000000090080000)
 Metaspace       used 23777K, capacity 24762K, committed 25008K, reserved 1071104K
  class space    used 2733K, capacity 2988K, committed 2992K, reserved 1048576K
}
Event: 5,310 GC heap before
{Heap before GC invocations=15 (full 1):
 PSYoungGen      total 294912K, used 294688K [0x00000000d9580000, 0x00000000f2480000, 0x0000000100000000)
  eden space 282624K, 100% used [0x00000000d9580000,0x00000000ea980000,0x00000000ea980000)
  from space 12288K, 98% used [0x00000000ea980000,0x00000000eb548010,0x00000000eb580000)
  to   space 13312K, 0% used [0x00000000f1780000,0x00000000f1780000,0x00000000f2480000)
 ParOldGen       total 66048K, used 14772K [0x000000008c000000, 0x0000000090080000, 0x00000000d9580000)
  object space 66048K, 22% used [0x000000008c000000,0x000000008ce6d2a8,0x0000000090080000)
 Metaspace       used 23777K, capacity 24762K, committed 25008K, reserved 1071104K
  class space    used 2733K, capacity 2988K, committed 2992K, reserved 1048576K
Event: 5,315 GC heap after
Heap after GC invocations=15 (full 1):
 PSYoungGen      total 392704K, used 13280K [0x00000000d9580000, 0x00000000f2500000, 0x0000000100000000)
  eden space 379392K, 0% used [0x00000000d9580000,0x00000000d9580000,0x00000000f0800000)
  from space 13312K, 99% used [0x00000000f1780000,0x00000000f2478010,0x00000000f2480000)
  to   space 14848K, 0% used [0x00000000f0800000,0x00000000f0800000,0x00000000f1680000)
 ParOldGen       total 66048K, used 14844K [0x000000008c000000, 0x0000000090080000, 0x00000000d9580000)
  object space 66048K, 22% used [0x000000008c000000,0x000000008ce7f2a8,0x0000000090080000)
 Metaspace       used 23777K, capacity 24762K, committed 25008K, reserved 1071104K
  class space    used 2733K, capacity 2988K, committed 2992K, reserved 1048576K
}
Event: 5,615 GC heap before
{Heap before GC invocations=16 (full 1):
 PSYoungGen      total 392704K, used 392672K [0x00000000d9580000, 0x00000000f2500000, 0x0000000100000000)
  eden space 379392K, 100% used [0x00000000d9580000,0x00000000f0800000,0x00000000f0800000)
  from space 13312K, 99% used [0x00000000f1780000,0x00000000f2478010,0x00000000f2480000)
  to   space 14848K, 0% used [0x00000000f0800000,0x00000000f0800000,0x00000000f1680000)
 ParOldGen       total 66048K, used 14844K [0x000000008c000000, 0x0000000090080000, 0x00000000d9580000)
  object space 66048K, 22% used [0x000000008c000000,0x000000008ce7f2a8,0x0000000090080000)
 Metaspace       used 23898K, capacity 24954K, committed 25008K, reserved 1071104K
  class space    used 2738K, capacity 2988K, committed 2992K, reserved 1048576K
Event: 5,623 GC heap after
Heap after GC invocations=16 (full 1):
 PSYoungGen      total 394240K, used 11744K [0x00000000d9580000, 0x00000000fa080000, 0x0000000100000000)
  eden space 379392K, 0% used [0x00000000d9580000,0x00000000d9580000,0x00000000f0800000)
  from space 14848K, 79% used [0x00000000f0800000,0x00000000f1378010,0x00000000f1680000)
  to   space 15360K, 0% used [0x00000000f9180000,0x00000000f9180000,0x00000000fa080000)
 ParOldGen       total 66048K, used 18592K [0x000000008c000000, 0x0000000090080000, 0x00000000d9580000)
  object space 66048K, 28% used [0x000000008c000000,0x000000008d2282b8,0x0000000090080000)
 Metaspace       used 23898K, capacity 24954K, committed 25008K, reserved 1071104K
  class space    used 2738K, capacity 2988K, committed 2992K, reserved 1048576K
}
Event: 6,972 GC heap before
{Heap before GC invocations=17 (full 1):
 PSYoungGen      total 394240K, used 391136K [0x00000000d9580000, 0x00000000fa080000, 0x0000000100000000)
  eden space 379392K, 100% used [0x00000000d9580000,0x00000000f0800000,0x00000000f0800000)
  from space 14848K, 79% used [0x00000000f0800000,0x00000000f1378010,0x00000000f1680000)
  to   space 15360K, 0% used [0x00000000f9180000,0x00000000f9180000,0x00000000fa080000)
 ParOldGen       total 66048K, used 18592K [0x000000008c000000, 0x0000000090080000, 0x00000000d9580000)
  object space 66048K, 28% used [0x000000008c000000,0x000000008d2282b8,0x0000000090080000)
 Metaspace       used 24081K, capacity 25082K, committed 25264K, reserved 1071104K
  class space    used 2743K, capacity 2988K, committed 2992K, reserved 1048576K
Event: 7,011 GC heap after
Heap after GC invocations=17 (full 1):
 PSYoungGen      total 512000K, used 15339K [0x00000000d9580000, 0x00000000fae80000, 0x0000000100000000)
  eden space 496640K, 0% used [0x00000000d9580000,0x00000000d9580000,0x00000000f7a80000)
  from space 15360K, 99% used [0x00000000f9180000,0x00000000fa07aca0,0x00000000fa080000)
  to   space 23552K, 0% used [0x00000000f7a80000,0x00000000f7a80000,0x00000000f9180000)
 ParOldGen       total 66048K, used 35796K [0x000000008c000000, 0x0000000090080000, 0x00000000d9580000)
  object space 66048K, 54% used [0x000000008c000000,0x000000008e2f5338,0x0000000090080000)
 Metaspace       used 24081K, capacity 25082K, committed 25264K, reserved 1071104K
  class space    used 2743K, capacity 2988K, committed 2992K, reserved 1048576K
}
Event: 8,697 GC heap before
{Heap before GC invocations=18 (full 1):
 PSYoungGen      total 512000K, used 511979K [0x00000000d9580000, 0x00000000fae80000, 0x0000000100000000)
  eden space 496640K, 100% used [0x00000000d9580000,0x00000000f7a80000,0x00000000f7a80000)
  from space 15360K, 99% used [0x00000000f9180000,0x00000000fa07aca0,0x00000000fa080000)
  to   space 23552K, 0% used [0x00000000f7a80000,0x00000000f7a80000,0x00000000f9180000)
 ParOldGen       total 66048K, used 35796K [0x000000008c000000, 0x0000000090080000, 0x00000000d9580000)
  object space 66048K, 54% used [0x000000008c000000,0x000000008e2f5338,0x0000000090080000)
 Metaspace       used 24081K, capacity 25082K, committed 25264K, reserved 1071104K
  class space    used 2743K, capacity 2988K, committed 2992K, reserved 1048576K
Event: 8,999 GC heap after
Heap after GC invocations=18 (full 1):
 PSYoungGen      total 520192K, used 23545K [0x00000000d9580000, 0x0000000100000000, 0x0000000100000000)
  eden space 496640K, 0% used [0x00000000d9580000,0x00000000d9580000,0x00000000f7a80000)
  from space 23552K, 99% used [0x00000000f7a80000,0x00000000f917e510,0x00000000f9180000)
  to   space 33280K, 0% used [0x00000000fdf80000,0x00000000fdf80000,0x0000000100000000)
 ParOldGen       total 66048K, used 52956K [0x000000008c000000, 0x0000000090080000, 0x00000000d9580000)
  object space 66048K, 80% used [0x000000008c000000,0x000000008f3b7038,0x0000000090080000)
 Metaspace       used 24081K, capacity 25082K, committed 25264K, reserved 1071104K
  class space    used 2743K, capacity 2988K, committed 2992K, reserved 1048576K
}
Event: 9,102 GC heap before
{Heap before GC invocations=19 (full 2):
 PSYoungGen      total 520192K, used 23545K [0x00000000d9580000, 0x0000000100000000, 0x0000000100000000)
  eden space 496640K, 0% used [0x00000000d9580000,0x00000000d9580000,0x00000000f7a80000)
  from space 23552K, 99% used [0x00000000f7a80000,0x00000000f917e510,0x00000000f9180000)
  to   space 33280K, 0% used [0x00000000fdf80000,0x00000000fdf80000,0x0000000100000000)
 ParOldGen       total 66048K, used 52956K [0x000000008c000000, 0x0000000090080000, 0x00000000d9580000)
  object space 66048K, 80% used [0x000000008c000000,0x000000008f3b7038,0x0000000090080000)
 Metaspace       used 24081K, capacity 25082K, committed 25264K, reserved 1071104K
  class space    used 2743K, capacity 2988K, committed 2992K, reserved 1048576K

