# JRE version: Java(TM) SE Runtime Environment (8.0_201-b09) (build 1.8.0_201-b09)
# Java VM: Java HotSpot(TM) 64-Bit Server VM (25.201-b09 mixed mode linux-amd64 compressed oops)
Heap:
 PSYoungGen      total 130560K, used 9712K [0x00000000d9580000, 0x00000000e1e80000, 0x0000000100000000)
  eden space 120832K, 0% used [0x00000000d9580000,0x00000000d9580000,0x00000000e0b80000)
  from space 9728K, 99% used [0x00000000e0b80000,0x00000000e14fc010,0x00000000e1500000)
  to   space 9728K, 0% used [0x00000000e1500000,0x00000000e1500000,0x00000000e1e80000)
 ParOldGen       total 79360K, used 14130K [0x000000008c000000, 0x0000000090d80000, 0x00000000d9580000)
  object space 79360K, 17% used [0x000000008c000000,0x000000008cdccba0,0x0000000090d80000)
 Metaspace       used 20063K, capacity 20870K, committed 21120K, reserved 1067008K
  class space    used 2362K, capacity 2591K, committed 2688K, reserved 1048576K
GC Heap History (10 events):
Event: 0,918 GC heap after
Heap after GC invocations=2 (full 0):
 PSYoungGen      total 34816K, used 4600K [0x00000000d9580000, 0x00000000dd980000, 0x0000000100000000)
  eden space 30208K, 0% used [0x00000000d9580000,0x00000000d9580000,0x00000000db300000)
  from space 4608K, 99% used [0x00000000db780000,0x00000000dbbfe260,0x00000000dbc00000)
  to   space 4608K, 0% used [0x00000000db300000,0x00000000db300000,0x00000000db780000)
 ParOldGen       total 79360K, used 1855K [0x000000008c000000, 0x0000000090d80000, 0x00000000d9580000)
  object space 79360K, 2% used [0x000000008c000000,0x000000008c1cff98,0x0000000090d80000)
 Metaspace       used 11015K, capacity 11180K, committed 11520K, reserved 1058816K
  class space    used 1377K, capacity 1445K, committed 1536K, reserved 1048576K
}
Event: 1,257 GC heap before
{Heap before GC invocations=3 (full 0):
 PSYoungGen      total 34816K, used 34808K [0x00000000d9580000, 0x00000000dd980000, 0x0000000100000000)
  eden space 30208K, 100% used [0x00000000d9580000,0x00000000db300000,0x00000000db300000)
  from space 4608K, 99% used [0x00000000db780000,0x00000000dbbfe260,0x00000000dbc00000)
  to   space 4608K, 0% used [0x00000000db300000,0x00000000db300000,0x00000000db780000)
 ParOldGen       total 79360K, used 1855K [0x000000008c000000, 0x0000000090d80000, 0x00000000d9580000)
  object space 79360K, 2% used [0x000000008c000000,0x000000008c1cff98,0x0000000090d80000)
 Metaspace       used 13811K, capacity 14030K, committed 14208K, reserved 1060864K
  class space    used 1745K, capacity 1835K, committed 1920K, reserved 1048576K
Event: 1,263 GC heap after
Heap after GC invocations=3 (full 0):
 PSYoungGen      total 34816K, used 4580K [0x00000000d9580000, 0x00000000dd980000, 0x0000000100000000)
  eden space 30208K, 0% used [0x00000000d9580000,0x00000000d9580000,0x00000000db300000)
  from space 4608K, 99% used [0x00000000db300000,0x00000000db779060,0x00000000db780000)
  to   space 4608K, 0% used [0x00000000dd500000,0x00000000dd500000,0x00000000dd980000)
 ParOldGen       total 79360K, used 2959K [0x000000008c000000, 0x0000000090d80000, 0x00000000d9580000)
  object space 79360K, 3% used [0x000000008c000000,0x000000008c2e3e00,0x0000000090d80000)
 Metaspace       used 13811K, capacity 14030K, committed 14208K, reserved 1060864K
  class space    used 1745K, capacity 1835K, committed 1920K, reserved 1048576K
}
Event: 1,631 GC heap before
{Heap before GC invocations=4 (full 0):
 PSYoungGen      total 34816K, used 34788K [0x00000000d9580000, 0x00000000dd980000, 0x0000000100000000)
  eden space 30208K, 100% used [0x00000000d9580000,0x00000000db300000,0x00000000db300000)
  from space 4608K, 99% used [0x00000000db300000,0x00000000db779060,0x00000000db780000)
  to   space 4608K, 0% used [0x00000000dd500000,0x00000000dd500000,0x00000000dd980000)
 ParOldGen       total 79360K, used 2959K [0x000000008c000000, 0x0000000090d80000, 0x00000000d9580000)
  object space 79360K, 3% used [0x000000008c000000,0x000000008c2e3e00,0x0000000090d80000)
 Metaspace       used 16370K, capacity 16636K, committed 17024K, reserved 1064960K
  class space    used 2002K, capacity 2077K, committed 2176K, reserved 1048576K
Event: 1,643 GC heap after
Heap after GC invocations=4 (full 0):
 PSYoungGen      total 65024K, used 4600K [0x00000000d9580000, 0x00000000dd980000, 0x0000000100000000)
  eden space 60416K, 0% used [0x00000000d9580000,0x00000000d9580000,0x00000000dd080000)
  from space 4608K, 99% used [0x00000000dd500000,0x00000000dd97e0a0,0x00000000dd980000)
  to   space 4608K, 0% used [0x00000000dd080000,0x00000000dd080000,0x00000000dd500000)
 ParOldGen       total 79360K, used 5316K [0x000000008c000000, 0x0000000090d80000, 0x00000000d9580000)
  object space 79360K, 6% used [0x000000008c000000,0x000000008c531360,0x0000000090d80000)
 Metaspace       used 16370K, capacity 16636K, committed 17024K, reserved 1064960K
  class space    used 2002K, capacity 2077K, committed 2176K, reserved 1048576K
}
Event: 2,237 GC heap before
{Heap before GC invocations=5 (full 0):
 PSYoungGen      total 65024K, used 65016K [0x00000000d9580000, 0x00000000dd980000, 0x0000000100000000)
  eden space 60416K, 100% used [0x00000000d9580000,0x00000000dd080000,0x00000000dd080000)
  from space 4608K, 99% used [0x00000000dd500000,0x00000000dd97e0a0,0x00000000dd980000)
  to   space 4608K, 0% used [0x00000000dd080000,0x00000000dd080000,0x00000000dd500000)
 ParOldGen       total 79360K, used 5316K [0x000000008c000000, 0x0000000090d80000, 0x00000000d9580000)
  object space 79360K, 6% used [0x000000008c000000,0x000000008c531360,0x0000000090d80000)
 Metaspace       used 16943K, capacity 17310K, committed 17536K, reserved 1064960K
  class space    used 2031K, capacity 2120K, committed 2176K, reserved 1048576K
Event: 2,250 GC heap after
Heap after GC invocations=5 (full 0):
 PSYoungGen      total 65024K, used 4592K [0x00000000d9580000, 0x00000000e1e80000, 0x0000000100000000)
  eden space 60416K, 0% used [0x00000000d9580000,0x00000000d9580000,0x00000000dd080000)
  from space 4608K, 99% used [0x00000000dd080000,0x00000000dd4fc010,0x00000000dd500000)
  to   space 9728K, 0% used [0x00000000e1500000,0x00000000e1500000,0x00000000e1e80000)
 ParOldGen       total 79360K, used 9849K [0x000000008c000000, 0x0000000090d80000, 0x00000000d9580000)
  object space 79360K, 12% used [0x000000008c000000,0x000000008c99e768,0x0000000090d80000)
 Metaspace       used 16943K, capacity 17310K, committed 17536K, reserved 1064960K
  class space    used 2031K, capacity 2120K, committed 2176K, reserved 1048576K
}
Event: 2,639 GC heap before
{Heap before GC invocations=6 (full 0):
 PSYoungGen      total 65024K, used 65008K [0x00000000d9580000, 0x00000000e1e80000, 0x0000000100000000)
  eden space 60416K, 100% used [0x00000000d9580000,0x00000000dd080000,0x00000000dd080000)
  from space 4608K, 99% used [0x00000000dd080000,0x00000000dd4fc010,0x00000000dd500000)
  to   space 9728K, 0% used [0x00000000e1500000,0x00000000e1500000,0x00000000e1e80000)
 ParOldGen       total 79360K, used 9849K [0x000000008c000000, 0x0000000090d80000, 0x00000000d9580000)
  object space 79360K, 12% used [0x000000008c000000,0x000000008c99e768,0x0000000090d80000)
 Metaspace       used 17217K, capacity 17502K, committed 17792K, reserved 1064960K
  class space    used 2031K, capacity 2120K, committed 2176K, reserved 1048576K
Event: 2,656 GC heap after
Heap after GC invocations=6 (full 0):
 PSYoungGen      total 130560K, used 7296K [0x00000000d9580000, 0x00000000e1e80000, 0x0000000100000000)
  eden space 120832K, 0% used [0x00000000d9580000,0x00000000d9580000,0x00000000e0b80000)
  from space 9728K, 75% used [0x00000000e1500000,0x00000000e1c20000,0x00000000e1e80000)
  to   space 9728K, 0% used [0x00000000e0b80000,0x00000000e0b80000,0x00000000e1500000)
 ParOldGen       total 79360K, used 9857K [0x000000008c000000, 0x0000000090d80000, 0x00000000d9580000)
  object space 79360K, 12% used [0x000000008c000000,0x000000008c9a0768,0x0000000090d80000)
 Metaspace       used 17217K, capacity 17502K, committed 17792K, reserved 1064960K
  class space    used 2031K, capacity 2120K, committed 2176K, reserved 1048576K
}
Event: 24,889 GC heap before
{Heap before GC invocations=7 (full 0):
 PSYoungGen      total 130560K, used 128128K [0x00000000d9580000, 0x00000000e1e80000, 0x0000000100000000)
  eden space 120832K, 100% used [0x00000000d9580000,0x00000000e0b80000,0x00000000e0b80000)
  from space 9728K, 75% used [0x00000000e1500000,0x00000000e1c20000,0x00000000e1e80000)
  to   space 9728K, 0% used [0x00000000e0b80000,0x00000000e0b80000,0x00000000e1500000)
 ParOldGen       total 79360K, used 9857K [0x000000008c000000, 0x0000000090d80000, 0x00000000d9580000)
  object space 79360K, 12% used [0x000000008c000000,0x000000008c9a0768,0x0000000090d80000)
 Metaspace       used 20063K, capacity 20870K, committed 21120K, reserved 1067008K
  class space    used 2362K, capacity 2591K, committed 2688K, reserved 1048576K

